0 info it worked if it ends with ok
1 verbose cli [ '/usr/local/bin/node', '/usr/local/bin/npm', 'run', 'docs' ]
2 info using npm@2.14.7
3 info using node@v4.2.1
4 verbose run-script [ 'predocs', 'docs', 'postdocs' ]
5 info predocs react-mutable-list@0.3.2
6 info docs react-mutable-list@0.3.2
7 verbose unsafe-perm in lifecycle true
8 info react-mutable-list@0.3.2 Failed to exec docs script
9 verbose stack Error: react-mutable-list@0.3.2 docs: `$(cd docs; react-docgen ../src/list{,-item}.jsx | ./build-docs.sh)`
9 verbose stack Exit status 126
9 verbose stack     at EventEmitter.<anonymous> (/usr/local/lib/node_modules/npm/lib/utils/lifecycle.js:214:16)
9 verbose stack     at emitTwo (events.js:87:13)
9 verbose stack     at EventEmitter.emit (events.js:172:7)
9 verbose stack     at ChildProcess.<anonymous> (/usr/local/lib/node_modules/npm/lib/utils/spawn.js:24:14)
9 verbose stack     at emitTwo (events.js:87:13)
9 verbose stack     at ChildProcess.emit (events.js:172:7)
9 verbose stack     at maybeClose (internal/child_process.js:818:16)
9 verbose stack     at Process.ChildProcess._handle.onexit (internal/child_process.js:211:5)
10 verbose pkgid react-mutable-list@0.3.2
11 verbose cwd /home/mackendy/src/projects/react/mutable-list/docs
12 error Linux 4.1.10-200.fc22.x86_64
13 error argv "/usr/local/bin/node" "/usr/local/bin/npm" "run" "docs"
14 error node v4.2.1
15 error npm  v2.14.7
16 error code ELIFECYCLE
17 error react-mutable-list@0.3.2 docs: `$(cd docs; react-docgen ../src/list{,-item}.jsx | ./build-docs.sh)`
17 error Exit status 126
18 error Failed at the react-mutable-list@0.3.2 docs script '$(cd docs; react-docgen ../src/list{,-item}.jsx | ./build-docs.sh)'.
18 error This is most likely a problem with the react-mutable-list package,
18 error not with npm itself.
18 error Tell the author that this fails on your system:
18 error     $(cd docs; react-docgen ../src/list{,-item}.jsx | ./build-docs.sh)
18 error You can get their info via:
18 error     npm owner ls react-mutable-list
18 error There is likely additional logging output above.
19 verbose exit [ 1, true ]
